Build started 4/8/2012 6:37:33 PM.
Project "C:\Users\Ricky\Dev\minigolf\vs2010\src\Minigolf.vcxproj" on node 2 (build target(s)).
InitializeBuildStatus:
  Touching "Minigolf.dir\Debug\Minigolf.unsuccessfulbuild".
CustomBuild:
  All outputs are up-to-date.
ClCompile:
  All outputs are up-to-date.
ManifestResourceCompile:
  All outputs are up-to-date.
Link:
  c:\Program Files (x86)\Microsoft Visual Studio 10.0\VC\bin\link.exe /ERRORREPORT:PROMPT /OUT:"C:\Users\Ricky\Dev\minigolf\vs2010\Debug\Minigolf.exe" /INCREMENTAL /NOLOGO /LIBPATH:C:/Users/Ricky/Dev/minigolf/lib/glui/windows /LIBPATH:C:/Users/Ricky/Dev/minigolf/lib/glui/windows/Debug /LIBPATH:"C:/Program Files (x86)/Microsoft Visual Studio 10.0/VC/lib" /LIBPATH:"C:/Program Files (x86)/Microsoft Visual Studio 10.0/VC/lib/Debug" kernel32.lib user32.lib gdi32.lib winspool.lib shell32.lib ole32.lib oleaut32.lib uuid.lib comdlg32.lib advapi32.lib ..\..\lib\glui\windows\glui32d.lib "C:\Program Files (x86)\Microsoft Visual Studio 10.0\VC\lib\glut32.lib" glu32.lib opengl32.lib /MANIFEST /ManifestFile:"Minigolf.dir\Debug\Minigolf.exe.intermediate.manifest" /MANIFESTUAC:"level='asInvoker' uiAccess='false'" /DEBUG /PDB:"C:\Users\Ricky\Dev\minigolf\vs2010\Debug\Minigolf.pdb" /SUBSYSTEM:CONSOLE /STACK:"10000000" /TLBID:1 /DYNAMICBASE /NXCOMPAT /IMPLIB:"C:/Users/Ricky/Dev/minigolf/vs2010/Debug/Minigolf.lib" /MACHINE:X86 Minigolf.dir\Debug\Minigolf.exe.embed.manifest.res
  Minigolf.dir\Debug\main.obj
  Minigolf.dir\Debug\data.obj
  Minigolf.dir\Debug\linkedlist.obj
  Minigolf.dir\Debug\ballcuptee.obj
  Minigolf.dir\Debug\physics.obj
  Minigolf.dir\Debug\scorecard.obj
  Minigolf.dir\Debug\about.obj
  Minigolf.dir\Debug\highscores.obj
  Minigolf.dir\Debug\object.obj  /machine:X86 /debug 
Manifest:
  C:\Program Files (x86)\Microsoft SDKs\Windows\v7.0A\bin\mt.exe /nologo /verbose /out:"Minigolf.dir\Debug\Minigolf.exe.embed.manifest" /manifest Minigolf.dir\Debug\Minigolf.exe.intermediate.manifest
  C:\Program Files (x86)\Microsoft SDKs\Windows\v7.0A\bin\rc.exe /nologo /fo"Minigolf.dir\Debug\Minigolf.exe.embed.manifest.res" Minigolf.dir\Debug\Minigolf_manifest.rc 
LinkEmbedManifest:
  c:\Program Files (x86)\Microsoft Visual Studio 10.0\VC\bin\link.exe /ERRORREPORT:PROMPT /OUT:"C:\Users\Ricky\Dev\minigolf\vs2010\Debug\Minigolf.exe" /INCREMENTAL /NOLOGO /LIBPATH:C:/Users/Ricky/Dev/minigolf/lib/glui/windows /LIBPATH:C:/Users/Ricky/Dev/minigolf/lib/glui/windows/Debug /LIBPATH:"C:/Program Files (x86)/Microsoft Visual Studio 10.0/VC/lib" /LIBPATH:"C:/Program Files (x86)/Microsoft Visual Studio 10.0/VC/lib/Debug" kernel32.lib user32.lib gdi32.lib winspool.lib shell32.lib ole32.lib oleaut32.lib uuid.lib comdlg32.lib advapi32.lib ..\..\lib\glui\windows\glui32d.lib "C:\Program Files (x86)\Microsoft Visual Studio 10.0\VC\lib\glut32.lib" glu32.lib opengl32.lib /MANIFEST /ManifestFile:"Minigolf.dir\Debug\Minigolf.exe.intermediate.manifest" /MANIFESTUAC:"level='asInvoker' uiAccess='false'" /DEBUG /PDB:"C:\Users\Ricky\Dev\minigolf\vs2010\Debug\Minigolf.pdb" /SUBSYSTEM:CONSOLE /STACK:"10000000" /TLBID:1 /DYNAMICBASE /NXCOMPAT /IMPLIB:"C:/Users/Ricky/Dev/minigolf/vs2010/Debug/Minigolf.lib" /MACHINE:X86 Minigolf.dir\Debug\Minigolf.exe.embed.manifest.res
  Minigolf.dir\Debug\main.obj
  Minigolf.dir\Debug\data.obj
  Minigolf.dir\Debug\linkedlist.obj
  Minigolf.dir\Debug\ballcuptee.obj
  Minigolf.dir\Debug\physics.obj
  Minigolf.dir\Debug\scorecard.obj
  Minigolf.dir\Debug\about.obj
  Minigolf.dir\Debug\highscores.obj
  Minigolf.dir\Debug\object.obj  /machine:X86 /debug 
  Minigolf.vcxproj -> C:\Users\Ricky\Dev\minigolf\vs2010\Debug\Minigolf.exe
FinalizeBuildStatus:
  Deleting file "Minigolf.dir\Debug\Minigolf.unsuccessfulbuild".
  Touching "Minigolf.dir\Debug\Minigolf.lastbuildstate".
Done Building Project "C:\Users\Ricky\Dev\minigolf\vs2010\src\Minigolf.vcxproj" (build target(s)).

Build succeeded.

Time Elapsed 00:00:02.42
