C:\USERS\RICKY\DEV\MINIGOLF\VS2010\RELEASE\MINIGOLF.EXE
C:\USERS\RICKY\DEV\MINIGOLF\VS2010\SRC\CMAKEFILES\GENERATE.STAMP
C:\USERS\RICKY\DEV\MINIGOLF\VS2010\SRC\MINIGOLF.DIR\RELEASE\ABOUT.OBJ
C:\USERS\RICKY\DEV\MINIGOLF\VS2010\SRC\MINIGOLF.DIR\RELEASE\BALLCUPTEE.OBJ
C:\Users\Ricky\Dev\minigolf\vs2010\src\Minigolf.dir\Release\cl.command.1.tlog
C:\Users\Ricky\Dev\minigolf\vs2010\src\Minigolf.dir\Release\CL.read.1.tlog
C:\Users\Ricky\Dev\minigolf\vs2010\src\Minigolf.dir\Release\CL.write.1.tlog
C:\Users\Ricky\Dev\minigolf\vs2010\src\Minigolf.dir\Release\custombuild.command.1.tlog
C:\Users\Ricky\Dev\minigolf\vs2010\src\Minigolf.dir\Release\custombuild.read.1.tlog
C:\Users\Ricky\Dev\minigolf\vs2010\src\Minigolf.dir\Release\custombuild.write.1.tlog
C:\USERS\RICKY\DEV\MINIGOLF\VS2010\SRC\MINIGOLF.DIR\RELEASE\DATA.OBJ
C:\USERS\RICKY\DEV\MINIGOLF\VS2010\SRC\MINIGOLF.DIR\RELEASE\HIGHSCORES.OBJ
C:\Users\Ricky\Dev\minigolf\vs2010\src\Minigolf.dir\Release\link.command.1.tlog
C:\Users\Ricky\Dev\minigolf\vs2010\src\Minigolf.dir\Release\link.read.1.tlog
C:\Users\Ricky\Dev\minigolf\vs2010\src\Minigolf.dir\Release\link.write.1.tlog
C:\USERS\RICKY\DEV\MINIGOLF\VS2010\SRC\MINIGOLF.DIR\RELEASE\LINKEDLIST.OBJ
C:\USERS\RICKY\DEV\MINIGOLF\VS2010\SRC\MINIGOLF.DIR\RELEASE\MAIN.OBJ
C:\USERS\RICKY\DEV\MINIGOLF\VS2010\SRC\MINIGOLF.DIR\RELEASE\MINIGOLF.EXE.INTERMEDIATE.MANIFEST
C:\Users\Ricky\Dev\minigolf\vs2010\src\Minigolf.dir\Release\Minigolf.write.1.tlog
C:\Users\Ricky\Dev\minigolf\vs2010\src\Minigolf.dir\Release\mt.command.1.tlog
C:\Users\Ricky\Dev\minigolf\vs2010\src\Minigolf.dir\Release\mt.read.1.tlog
C:\Users\Ricky\Dev\minigolf\vs2010\src\Minigolf.dir\Release\mt.write.1.tlog
C:\USERS\RICKY\DEV\MINIGOLF\VS2010\SRC\MINIGOLF.DIR\RELEASE\NETWORKGAME.OBJ
C:\USERS\RICKY\DEV\MINIGOLF\VS2010\SRC\MINIGOLF.DIR\RELEASE\OBJECT.OBJ
C:\USERS\RICKY\DEV\MINIGOLF\VS2010\SRC\MINIGOLF.DIR\RELEASE\PHYSICS.OBJ
C:\USERS\RICKY\DEV\MINIGOLF\VS2010\SRC\MINIGOLF.DIR\RELEASE\SCORECARD.OBJ
